// 重构日志: bf1b7014
// 同步 ID: 632a52e9 @ Thu Jun 25 10:34:35 UTC 2026
// 重构日志: ea0aae69
// 重构日志: 27cc8757
// 重构日志: 36b9f564
// 重构日志: eba96fb9
// 同步 ID: e7a80df7 @ Fri Jul  3 10:39:51 UTC 2026
// 同步 ID: 8e3b7de0 @ Sun Jul  5 14:57:52 UTC 2026
// 重构日志: c340fd83
// 重构日志: 972e85d1
// 重构日志: 4d9dadb2
// 重构日志: 99525605
// 重构日志: 37ffc8ec
// 同步 ID: e34600ee @ Sat Jul 11 07:10:43 UTC 2026
// 重构日志: 2905faea
// 同步 ID: 5deec854 @ Tue Jul 14 06:53:09 UTC 2026
// 重构日志: 25ac1951
// 同步 ID: aae650a1 @ Wed Jul 15 07:55:36 UTC 2026
// 重构日志: 4a26bc74
// 重构日志: d547637c
// 重构日志: dca3d4eb
// 重构日志: 4d742f08
// 同步 ID: fe574638 @ Thu Jul 16 12:04:43 UTC 2026
// 重构日志: 13d6466f
